<?xml version="1.0" encoding="UTF-8"?>
<testng-results ignored="0" total="1" passed="0" failed="1" skipped="0">
  <reporter-output>
  </reporter-output>
  <suite started-at="2023-05-31T14:24:47 IST" name="Default suite" finished-at="2023-05-31T14:24:58 IST" duration-ms="11539">
    <groups>
    </groups>
    <test started-at="2023-05-31T14:24:47 IST" name="Default test" finished-at="2023-05-31T14:24:58 IST" duration-ms="11539">
      <class name="com.edu.sms.timetable.VerifyTimetable">
        <test-method is-config="true" signature="configureBeforeSuite()[pri:0, instance:com.edu.sms.timetable.VerifyTimetable@783a467b]" started-at="2023-05-31T14:24:47 IST" name="configureBeforeSuite" finished-at="2023-05-31T14:24:47 IST" duration-ms="9" status="PASS">
          <reporter-output>
          </reporter-output>
        </test-method> <!-- configureBeforeSuite -->
        <test-method is-config="true" signature="configureBeforeClass()[pri:0, instance:com.edu.sms.timetable.VerifyTimetable@783a467b]" started-at="2023-05-31T14:24:47 IST" name="configureBeforeClass" finished-at="2023-05-31T14:24:50 IST" duration-ms="3085" status="PASS">
          <reporter-output>
          </reporter-output>
        </test-method> <!-- configureBeforeClass -->
        <test-method is-config="true" signature="configureBeforeMethod()[pri:0, instance:com.edu.sms.timetable.VerifyTimetable@783a467b]" started-at="2023-05-31T14:24:50 IST" name="configureBeforeMethod" finished-at="2023-05-31T14:24:57 IST" duration-ms="7450" status="PASS">
          <reporter-output>
          </reporter-output>
        </test-method> <!-- configureBeforeMethod -->
        <test-method signature="VerifyTimetable()[pri:0, instance:com.edu.sms.timetable.VerifyTimetable@783a467b]" started-at="2023-05-31T14:24:57 IST" name="VerifyTimetable" finished-at="2023-05-31T14:24:58 IST" duration-ms="458" status="FAIL">
          <exception class="java.lang.NullPointerException">
            <message>
              <![CDATA[Cannot invoke "org.openqa.selenium.SearchContext.findElement(org.openqa.selenium.By)" because "this.searchContext" is null]]>
            </message>
            <full-stacktrace>
              <![CDATA[java.lang.NullPointerException: Cannot invoke "org.openqa.selenium.SearchContext.findElement(org.openqa.selenium.By)" because "this.searchContext" is null
at org.openqa.selenium.support.pagefactory.DefaultElementLocator.findElement(DefaultElementLocator.java:70)
at org.openqa.selenium.support.pagefactory.internal.LocatingElementHandler.invoke(LocatingElementHandler.java:39)
at jdk.proxy2/jdk.proxy2.$Proxy20.getTagName(Unknown Source)
at org.openqa.selenium.support.ui.Select.<init>(Select.java:46)
at studentManagementSystemGenericUtils.WebdriverUtility.selectElementInDropdown(WebdriverUtility.java:145)
at Com.Edu.ObjectRepo.CommonComponents.selectGrade(CommonComponents.java:201)
at Com.Edu.ObjectRepo.AdminTimetablePage.createTimeTable(AdminTimetablePage.java:17)
at com.edu.sms.timetable.VerifyTimetable.VerifyTimetable(VerifyTimetable.java:65)
at java.base/jdk.internal.reflect.NativeMethodAccessorImpl.invoke0(Native Method)
at java.base/jdk.internal.reflect.NativeMethodAccessorImpl.invoke(NativeMethodAccessorImpl.java:77)
at java.base/jdk.internal.reflect.DelegatingMethodAccessorImpl.invoke(DelegatingMethodAccessorImpl.java:43)
at java.base/java.lang.reflect.Method.invoke(Method.java:568)
at org.testng.internal.MethodInvocationHelper.invokeMethod(MethodInvocationHelper.java:133)
at org.testng.internal.TestInvoker.invokeMethod(TestInvoker.java:598)
at org.testng.internal.TestInvoker.invokeTestMethod(TestInvoker.java:173)
at org.testng.internal.MethodRunner.runInSequence(MethodRunner.java:46)
at org.testng.internal.TestInvoker$MethodInvocationAgent.invoke(TestInvoker.java:824)
at org.testng.internal.TestInvoker.invokeTestMethods(TestInvoker.java:146)
at org.testng.internal.TestMethodWorker.invokeTestMethods(TestMethodWorker.java:146)
at org.testng.internal.TestMethodWorker.run(TestMethodWorker.java:128)
at java.base/java.util.ArrayList.forEach(ArrayList.java:1511)
at org.testng.TestRunner.privateRun(TestRunner.java:794)
at org.testng.TestRunner.run(TestRunner.java:596)
at org.testng.SuiteRunner.runTest(SuiteRunner.java:377)
at org.testng.SuiteRunner.runSequentially(SuiteRunner.java:371)
at org.testng.SuiteRunner.privateRun(SuiteRunner.java:332)
at org.testng.SuiteRunner.run(SuiteRunner.java:276)
at org.testng.SuiteRunnerWorker.runSuite(SuiteRunnerWorker.java:53)
at org.testng.SuiteRunnerWorker.run(SuiteRunnerWorker.java:96)
at org.testng.TestNG.runSuitesSequentially(TestNG.java:1212)
at org.testng.TestNG.runSuitesLocally(TestNG.java:1134)
at org.testng.TestNG.runSuites(TestNG.java:1063)
at org.testng.TestNG.run(TestNG.java:1031)
at org.testng.remote.AbstractRemoteTestNG.run(AbstractRemoteTestNG.java:115)
at org.testng.remote.RemoteTestNG.initAndRun(RemoteTestNG.java:251)
at org.testng.remote.RemoteTestNG.main(RemoteTestNG.java:77)
]]>
            </full-stacktrace>
          </exception> <!-- java.lang.NullPointerException -->
          <reporter-output>
          </reporter-output>
        </test-method> <!-- VerifyTimetable -->
        <test-method is-config="true" signature="configureAfterMethod()[pri:0, instance:com.edu.sms.timetable.VerifyTimetable@783a467b]" started-at="2023-05-31T14:24:58 IST" name="configureAfterMethod" finished-at="2023-05-31T14:24:58 IST" duration-ms="227" status="PASS">
          <reporter-output>
          </reporter-output>
        </test-method> <!-- configureAfterMethod -->
        <test-method is-config="true" signature="configureAfterClass()[pri:0, instance:com.edu.sms.timetable.VerifyTimetable@783a467b]" started-at="2023-05-31T14:24:58 IST" name="configureAfterClass" finished-at="2023-05-31T14:24:58 IST" duration-ms="255" status="PASS">
          <reporter-output>
          </reporter-output>
        </test-method> <!-- configureAfterClass -->
        <test-method is-config="true" signature="configureAfterSuite()[pri:0, instance:com.edu.sms.timetable.VerifyTimetable@783a467b]" started-at="2023-05-31T14:24:58 IST" name="configureAfterSuite" finished-at="2023-05-31T14:24:58 IST" duration-ms="0" status="PASS">
          <reporter-output>
          </reporter-output>
        </test-method> <!-- configureAfterSuite -->
      </class> <!-- com.edu.sms.timetable.VerifyTimetable -->
    </test> <!-- Default test -->
  </suite> <!-- Default suite -->
</testng-results>
