<?xml version="1.0" encoding="UTF-8"?>
<testng-results ignored="0" total="1" passed="1" failed="0" skipped="0">
  <reporter-output>
  </reporter-output>
  <suite started-at="2023-06-06T14:54:07 IST" name="Default suite" finished-at="2023-06-06T14:54:17 IST" duration-ms="10775">
    <groups>
    </groups>
    <test started-at="2023-06-06T14:54:07 IST" name="Default test" finished-at="2023-06-06T14:54:17 IST" duration-ms="10775">
      <class name="com.edu.sms.student.EditStudent">
        <test-method is-config="true" signature="configureBeforeSuite()[pri:0, instance:com.edu.sms.student.EditStudent@5a45133e]" started-at="2023-06-06T14:54:07 IST" name="configureBeforeSuite" finished-at="2023-06-06T14:54:07 IST" duration-ms="7" status="PASS">
          <reporter-output>
          </reporter-output>
        </test-method> <!-- configureBeforeSuite -->
        <test-method is-config="true" signature="configureBeforeClass()[pri:0, instance:com.edu.sms.student.EditStudent@5a45133e]" started-at="2023-06-06T14:54:07 IST" name="configureBeforeClass" finished-at="2023-06-06T14:54:11 IST" duration-ms="4144" status="PASS">
          <reporter-output>
          </reporter-output>
        </test-method> <!-- configureBeforeClass -->
        <test-method is-config="true" signature="configureBeforeMethod()[pri:0, instance:com.edu.sms.student.EditStudent@5a45133e]" started-at="2023-06-06T14:54:11 IST" name="configureBeforeMethod" finished-at="2023-06-06T14:54:16 IST" duration-ms="5275" status="PASS">
          <reporter-output>
          </reporter-output>
        </test-method> <!-- configureBeforeMethod -->
        <test-method signature="editStudent()[pri:0, instance:com.edu.sms.student.EditStudent@5a45133e]" started-at="2023-06-06T14:54:16 IST" name="editStudent" finished-at="2023-06-06T14:54:17 IST" duration-ms="729" status="PASS">
          <reporter-output>
          </reporter-output>
        </test-method> <!-- editStudent -->
        <test-method is-config="true" signature="configureAfterMethod()[pri:0, instance:com.edu.sms.student.EditStudent@5a45133e]" started-at="2023-06-06T14:54:17 IST" name="configureAfterMethod" finished-at="2023-06-06T14:54:17 IST" duration-ms="227" status="PASS">
          <reporter-output>
          </reporter-output>
        </test-method> <!-- configureAfterMethod -->
        <test-method is-config="true" signature="configureAfterClass()[pri:0, instance:com.edu.sms.student.EditStudent@5a45133e]" started-at="2023-06-06T14:54:17 IST" name="configureAfterClass" finished-at="2023-06-06T14:54:17 IST" duration-ms="361" status="PASS">
          <reporter-output>
          </reporter-output>
        </test-method> <!-- configureAfterClass -->
        <test-method is-config="true" signature="configureAfterSuite()[pri:0, instance:com.edu.sms.student.EditStudent@5a45133e]" started-at="2023-06-06T14:54:17 IST" name="configureAfterSuite" finished-at="2023-06-06T14:54:17 IST" duration-ms="1" status="PASS">
          <reporter-output>
          </reporter-output>
        </test-method> <!-- configureAfterSuite -->
      </class> <!-- com.edu.sms.student.EditStudent -->
    </test> <!-- Default test -->
  </suite> <!-- Default suite -->
</testng-results>
